<?xml version="1.0" encoding="UTF-8" ?>
<testsuite errors="0" failures="0" hostname="DESKTOP-MVD4EN8" name="de.htw.berlin.polysun4diac.plugins.GenericSensorTest" skipped="0" tests="6" time="0.094" timestamp="2017-07-26T11:19:56">
  <properties>
    <property name="java.vendor" value="Oracle Corporation" />
    <property name="sun.java.launcher" value="SUN_STANDARD" />
    <property name="eclipse.pdebuild.templates" value="/C:/Users/mrcjk/eclipse/java-neon/eclipse/../../../.p2/pool/plugins/org.eclipse.pde.build_3.9.200.v20160204-0642/templates/" />
    <property name="sun.management.compiler" value="HotSpot 64-Bit Tiered Compilers" />
    <property name="os.name" value="Windows 10" />
    <property name="sun.boot.class.path" value="C:\Program Files\Java\jre1.8.0_131\lib\resources.jar;C:\Program Files\Java\jre1.8.0_131\lib\rt.jar;C:\Program Files\Java\jre1.8.0_131\lib\sunrsasign.jar;C:\Program Files\Java\jre1.8.0_131\lib\jsse.jar;C:\Program Files\Java\jre1.8.0_131\lib\jce.jar;C:\Program Files\Java\jre1.8.0_131\lib\charsets.jar;C:\Program Files\Java\jre1.8.0_131\lib\jfr.jar;C:\Program Files\Java\jre1.8.0_131\classes" />
    <property name="sun.desktop" value="windows" />
    <property name="java.vm.specification.vendor" value="Oracle Corporation" />
    <property name="ant.home" value="C:\Users\mrcjk\.p2\pool\plugins\org.apache.ant_1.9.6.v201510161327" />
    <property name="companyUrl" value="velasolaris.com" />
    <property name="java.runtime.version" value="1.8.0_131-b11" />
    <property name="ant.file.type.ForteActorSensorPlugin" value="file" />
    <property name="user.name" value="mrcjk" />
    <property name="user.language" value="en" />
    <property name="sun.boot.library.path" value="C:\Program Files\Java\jre1.8.0_131\bin" />
    <property name="ant.project.default-target" value="build" />
    <property name="ant.project.name" value="ForteActorSensorPlugin" />
    <property name="java.version" value="1.8.0_131" />
    <property name="user.timezone" value="" />
    <property name="sun.arch.data.model" value="64" />
    <property name="java.endorsed.dirs" value="C:\Program Files\Java\jre1.8.0_131\lib\endorsed" />
    <property name="sun.cpu.isalist" value="amd64" />
    <property name="sun.jnu.encoding" value="Cp1252" />
    <property name="file.encoding.pkg" value="sun.io" />
    <property name="file.separator" value="\" />
    <property name="java.specification.name" value="Java Platform API Specification" />
    <property name="java.class.version" value="52.0" />
    <property name="user.country" value="US" />
    <property name="java.home" value="C:\Program Files\Java\jre1.8.0_131" />
    <property name="java.vm.info" value="mixed mode" />
    <property name="ant.file" value="C:\Users\mrcjk\OneDrive\JAVA\Projects\Polysun4diac Plugin Controller\build.xml" />
    <property name="os.version" value="10.0" />
    <property name="path.separator" value=";" />
    <property name="java.vm.version" value="25.131-b11" />
    <property name="user.variant" value="" />
    <property name="ant.library.dir" value="C:\Users\mrcjk\.p2\pool\plugins\org.apache.ant_1.9.6.v201510161327\lib" />
    <property name="java.awt.printerjob" value="sun.awt.windows.WPrinterJob" />
    <property name="sun.io.unicode.encoding" value="UnicodeLittle" />
    <property name="awt.toolkit" value="sun.awt.windows.WToolkit" />
    <property name="user.script" value="" />
    <property name="eclipse.pdebuild.scripts" value="/C:/Users/mrcjk/eclipse/java-neon/eclipse/../../../.p2/pool/plugins/org.eclipse.pde.build_3.9.200.v20160204-0642/scripts/" />
    <property name="user.home" value="C:\Users\mrcjk" />
    <property name="java.specification.vendor" value="Oracle Corporation" />
    <property name="java.library.path" value="C:\Program Files\Java\jre1.8.0_131\bin;C:\WINDOWS\Sun\Java\bin;C:\WINDOWS\system32;C:\WINDOWS;C:\ProgramData\Oracle\Java\javapath;C:\Program Files (x86)\Intel\iCLS Client\;C:\Program Files\Intel\iCLS Client\;C:\Windows\system32;C:\Windows;C:\Windows\System32\Wbem;C:\Windows\System32\WindowsPowerShell\v1.0\;C:\Program Files (x86)\Intel\Intel(R) Management Engine Components\DAL;C:\Program Files\Intel\Intel(R) Management Engine Components\DAL;C:\Program Files (x86)\Intel\Intel(R) Management Engine Components\IPT;C:\Program Files\Intel\Intel(R) Management Engine Components\IPT;C:\Program Files (x86)\NVIDIA Corporation\PhysX\Common;C:\Program Files\MATLAB\MATLAB Runtime\v85\runtime\win64;C:\WINDOWS\system32;C:\WINDOWS;C:\WINDOWS\System32\Wbem;C:\WINDOWS\System32\WindowsPowerShell\v1.0\;C:\Program Files\MATLAB\MATLAB Runtime\v901\runtime\win64;C:\Program Files\TortoiseSVN\bin;C:\Program Files (x86)\OpenAFS\Common;C:\Program Files\Git\cmd;C:\Program Files\CMake\bin;C:\Program Files\Microsoft SQL Server\130\Tools\Binn\;C:\Program Files\MiKTeX 2.9\miktex\bin\x64\;C:\Program Files\MATLAB\R2017a\runtime\win64;C:\Program Files\MATLAB\R2017a\bin;C:\Program Files\Java\jdk1.8.0_92\bin;C:\Users\mrcjk\AppData\Local\Microsoft\WindowsApps;C:\\bin;;." />
    <property name="java.vendor.url" value="http://java.oracle.com/" />
    <property name="java.vm.vendor" value="Oracle Corporation" />
    <property name="interfaces.path" value="Interfaces/Plugins" />
    <property name="java.runtime.name" value="Java(TM) SE Runtime Environment" />
    <property name="sun.java.command" value="org.apache.tools.ant.taskdefs.optional.junit.JUnitTestRunner de.htw.berlin.polysun4diac.plugins.GenericSensorTest skipNonTests=false filtertrace=true haltOnError=true haltOnFailure=true formatter=org.apache.tools.ant.taskdefs.optional.junit.SummaryJUnitResultFormatter showoutput=false outputtoformatters=true logfailedtests=true threadid=0 logtestlistenerevents=false formatter=org.apache.tools.ant.taskdefs.optional.junit.XMLJUnitResultFormatter,C:\Users\mrcjk\OneDrive\JAVA\Projects\Polysun4diac Plugin Controller\target\junit\TEST-de.htw.berlin.polysun4diac.plugins.GenericSensorTest.xml formatter=org.apache.tools.ant.taskdefs.optional.junit.PlainJUnitResultFormatter,C:\Users\mrcjk\OneDrive\JAVA\Projects\Polysun4diac Plugin Controller\target\junit\TEST-de.htw.berlin.polysun4diac.plugins.GenericSensorTest.txt crashfile=C:\Users\mrcjk\OneDrive\JAVA\Projects\Polysun4diac Plugin Controller\junitvmwatcher4741994617599429985.properties propsfile=C:\Users\mrcjk\OneDrive\JAVA\Projects\Polysun4diac Plugin Controller\junit3203639980104708828.properties" />
    <property name="java.class.path" value="C:\Users\mrcjk\OneDrive\JAVA\Projects\Polysun4diac Plugin Controller\Interfaces\Plugins\target\build;C:\Users\mrcjk\OneDrive\JAVA\Projects\Polysun4diac Plugin Controller\Interfaces\Plugins\lib\ant-junit4.jar;C:\Users\mrcjk\OneDrive\JAVA\Projects\Polysun4diac Plugin Controller\Interfaces\Plugins\lib\commons-collections-3.2.1.jar;C:\Users\mrcjk\OneDrive\JAVA\Projects\Polysun4diac Plugin Controller\Interfaces\Plugins\lib\commons-io-2.4.jar;C:\Users\mrcjk\OneDrive\JAVA\Projects\Polysun4diac Plugin Controller\Interfaces\Plugins\lib\commons-lang-2.4.jar;C:\Users\mrcjk\OneDrive\JAVA\Projects\Polysun4diac Plugin Controller\Interfaces\Plugins\lib\hamcrest-core-1.3-sources.jar;C:\Users\mrcjk\OneDrive\JAVA\Projects\Polysun4diac Plugin Controller\Interfaces\Plugins\lib\hamcrest-core-1.3.jar;C:\Users\mrcjk\OneDrive\JAVA\Projects\Polysun4diac Plugin Controller\Interfaces\Plugins\lib\junit-4.12-sources.jar;C:\Users\mrcjk\OneDrive\JAVA\Projects\Polysun4diac Plugin Controller\Interfaces\Plugins\lib\junit-4.12.jar;C:\Users\mrcjk\OneDrive\JAVA\Projects\Polysun4diac Plugin Controller\target\build;C:\Users\mrcjk\.p2\pool\plugins\org.apache.ant_1.9.6.v201510161327\lib\ant-launcher.jar;C:\Users\mrcjk\.p2\pool\plugins\org.apache.ant_1.9.6.v201510161327\lib\ant.jar;C:\Users\mrcjk\.p2\pool\plugins\org.apache.ant_1.9.6.v201510161327\lib\ant-junit.jar;C:\Users\mrcjk\.p2\pool\plugins\org.apache.ant_1.9.6.v201510161327\lib\ant-junit4.jar" />
    <property name="ant.version" value="Apache Ant(TM) version 1.9.6 compiled on June 29 2015" />
    <property name="java.vm.specification.name" value="Java Virtual Machine Specification" />
    <property name="java.vm.specification.version" value="1.8" />
    <property name="sun.cpu.endian" value="little" />
    <property name="sun.os.patch.level" value="" />
    <property name="ant.file.ForteActorSensorPlugin" value="C:\Users\mrcjk\OneDrive\JAVA\Projects\Polysun4diac Plugin Controller\build.xml" />
    <property name="eclipse.pdebuild.home" value="/C:/Users/mrcjk/eclipse/java-neon/eclipse/../../../.p2/pool/plugins/org.eclipse.pde.build_3.9.200.v20160204-0642/./" />
    <property name="java.io.tmpdir" value="C:\Users\mrcjk\AppData\Local\Temp\" />
    <property name="java.vendor.url.bug" value="http://bugreport.sun.com/bugreport/" />
    <property name="os.arch" value="amd64" />
    <property name="java.awt.graphicsenv" value="sun.awt.Win32GraphicsEnvironment" />
    <property name="java.ext.dirs" value="C:\Program Files\Java\jre1.8.0_131\lib\ext;C:\WINDOWS\Sun\Java\lib\ext" />
    <property name="user.dir" value="C:\Users\mrcjk\OneDrive\JAVA\Projects\Polysun4diac Plugin Controller" />
    <property name="line.separator" value="&#xd;&#xa;" />
    <property name="java.vm.name" value="Java HotSpot(TM) 64-Bit Server VM" />
    <property name="basedir" value="C:\Users\mrcjk\OneDrive\JAVA\Projects\Polysun4diac Plugin Controller" />
    <property name="applicationName" value="Polysun" />
    <property name="ant.java.version" value="1.8" />
    <property name="ant.core.lib" value="C:\Users\mrcjk\.p2\pool\plugins\org.apache.ant_1.9.6.v201510161327\lib\ant.jar" />
    <property name="file.encoding" value="Cp1252" />
    <property name="java.specification.version" value="1.8" />
    <property name="ant.project.invoked-targets" value="build" />
    <property name="companyName" value="Vela Solaris AG" />
  </properties>
  <testcase classname="de.htw.berlin.polysun4diac.plugins.GenericSensorTest" name="testPolysunSettingsGetter" time="0.013" />
  <testcase classname="de.htw.berlin.polysun4diac.plugins.GenericSensorTest" name="testGetControlSignalsToHide" time="0.0" />
  <testcase classname="de.htw.berlin.polysun4diac.plugins.GenericSensorTest" name="testGetName" time="0.0" />
  <testcase classname="de.htw.berlin.polysun4diac.plugins.GenericSensorTest" name="testGetConfiguration" time="0.007" />
  <testcase classname="de.htw.berlin.polysun4diac.plugins.GenericSensorTest" name="testGetSensorsToHide" time="0.001" />
  <testcase classname="de.htw.berlin.polysun4diac.plugins.GenericSensorTest" name="testGetPropertiesToHide" time="0.0" />
  <system-out><![CDATA[]]></system-out>
  <system-err><![CDATA[]]></system-err>
</testsuite>
